# JRE version: 7.0_17-b02
# Java VM: Java HotSpot(TM) 64-Bit Server VM (23.7-b01 mixed mode windows-amd64 compressed oops)
Heap
 PSYoungGen      total 9408K, used 2762K [0x00000007aae00000, 0x00000007ab760000, 0x0000000800000000)
  eden space 9216K, 28% used [0x00000007aae00000,0x00000007ab0929c0,0x00000007ab700000)
  from space 192K, 66% used [0x00000007ab700000,0x00000007ab720000,0x00000007ab730000)
  to   space 192K, 0% used [0x00000007ab730000,0x00000007ab730000,0x00000007ab760000)
 ParOldGen       total 93184K, used 85718K [0x0000000700a00000, 0x0000000706500000, 0x00000007aae00000)
  object space 93184K, 91% used [0x0000000700a00000,0x0000000705db5ac8,0x0000000706500000)
 PSPermGen       total 36864K, used 16852K [0x00000006fb800000, 0x00000006fdc00000, 0x0000000700a00000)
  object space 36864K, 45% used [0x00000006fb800000,0x00000006fc875058,0x00000006fdc00000)
GC Heap History (10 events):
Event: 31112.641 GC heap before
{Heap before GC invocations=18488 (full 3):
 PSYoungGen      total 9408K, used 9344K [0x00000007aae00000, 0x00000007ab760000, 0x0000000800000000)
  eden space 9216K, 100% used [0x00000007aae00000,0x00000007ab700000,0x00000007ab700000)
  from space 192K, 66% used [0x00000007ab730000,0x00000007ab750000,0x00000007ab760000)
  to   space 192K, 0% used [0x00000007ab700000,0x00000007ab700000,0x00000007ab730000)
 ParOldGen       total 93184K, used 85603K [0x0000000700a00000, 0x0000000706500000, 0x00000007aae00000)
  object space 93184K, 91% used [0x0000000700a00000,0x0000000705d98e58,0x0000000706500000)
 PSPermGen       total 36864K, used 16851K [0x00000006fb800000, 0x00000006fdc00000, 0x0000000700a00000)
  object space 36864K, 45% used [0x00000006fb800000,0x00000006fc874f28,0x00000006fdc00000)
Event: 31112.643 GC heap after
Heap after GC invocations=18488 (full 3):
 PSYoungGen      total 9408K, used 128K [0x00000007aae00000, 0x00000007ab760000, 0x0000000800000000)
  eden space 9216K, 0% used [0x00000007aae00000,0x00000007aae00000,0x00000007ab700000)
  from space 192K, 66% used [0x00000007ab700000,0x00000007ab720000,0x00000007ab730000)
  to   space 192K, 0% used [0x00000007ab730000,0x00000007ab730000,0x00000007ab760000)
 ParOldGen       total 93184K, used 85625K [0x0000000700a00000, 0x0000000706500000, 0x00000007aae00000)
  object space 93184K, 91% used [0x0000000700a00000,0x0000000705d9e408,0x0000000706500000)
 PSPermGen       total 36864K, used 16851K [0x00000006fb800000, 0x00000006fdc00000, 0x0000000700a00000)
  object space 36864K, 45% used [0x00000006fb800000,0x00000006fc874f28,0x00000006fdc00000)
}
Event: 31113.029 GC heap before
{Heap before GC invocations=18489 (full 3):
 PSYoungGen      total 9408K, used 9344K [0x00000007aae00000, 0x00000007ab760000, 0x0000000800000000)
  eden space 9216K, 100% used [0x00000007aae00000,0x00000007ab700000,0x00000007ab700000)
  from space 192K, 66% used [0x00000007ab700000,0x00000007ab720000,0x00000007ab730000)
  to   space 192K, 0% used [0x00000007ab730000,0x00000007ab730000,0x00000007ab760000)
 ParOldGen       total 93184K, used 85625K [0x0000000700a00000, 0x0000000706500000, 0x00000007aae00000)
  object space 93184K, 91% used [0x0000000700a00000,0x0000000705d9e408,0x0000000706500000)
 PSPermGen       total 36864K, used 16851K [0x00000006fb800000, 0x00000006fdc00000, 0x0000000700a00000)
  object space 36864K, 45% used [0x00000006fb800000,0x00000006fc874f28,0x00000006fdc00000)
Event: 31113.030 GC heap after
Heap after GC invocations=18489 (full 3):
 PSYoungGen      total 9408K, used 128K [0x00000007aae00000, 0x00000007ab760000, 0x0000000800000000)
  eden space 9216K, 0% used [0x00000007aae00000,0x00000007aae00000,0x00000007ab700000)
  from space 192K, 66% used [0x00000007ab730000,0x00000007ab750000,0x00000007ab760000)
  to   space 192K, 0% used [0x00000007ab700000,0x00000007ab700000,0x00000007ab730000)
 ParOldGen       total 93184K, used 85646K [0x0000000700a00000, 0x0000000706500000, 0x00000007aae00000)
  object space 93184K, 91% used [0x0000000700a00000,0x0000000705da39b8,0x0000000706500000)
 PSPermGen       total 36864K, used 16851K [0x00000006fb800000, 0x00000006fdc00000, 0x0000000700a00000)
  object space 36864K, 45% used [0x00000006fb800000,0x00000006fc874f28,0x00000006fdc00000)
}
Event: 31113.469 GC heap before
{Heap before GC invocations=18490 (full 3):
 PSYoungGen      total 9408K, used 9344K [0x00000007aae00000, 0x00000007ab760000, 0x0000000800000000)
  eden space 9216K, 100% used [0x00000007aae00000,0x00000007ab700000,0x00000007ab700000)
  from space 192K, 66% used [0x00000007ab730000,0x00000007ab750000,0x00000007ab760000)
  to   space 192K, 0% used [0x00000007ab700000,0x00000007ab700000,0x00000007ab730000)
 ParOldGen       total 93184K, used 85646K [0x0000000700a00000, 0x0000000706500000, 0x00000007aae00000)
  object space 93184K, 91% used [0x0000000700a00000,0x0000000705da39b8,0x0000000706500000)
 PSPermGen       total 36864K, used 16852K [0x00000006fb800000, 0x00000006fdc00000, 0x0000000700a00000)
  object space 36864K, 45% used [0x00000006fb800000,0x00000006fc875058,0x00000006fdc00000)
Event: 31113.471 GC heap after
Heap after GC invocations=18490 (full 3):
 PSYoungGen      total 9408K, used 128K [0x00000007aae00000, 0x00000007ab760000, 0x0000000800000000)
  eden space 9216K, 0% used [0x00000007aae00000,0x00000007aae00000,0x00000007ab700000)
  from space 192K, 66% used [0x00000007ab700000,0x00000007ab720000,0x00000007ab730000)
  to   space 192K, 0% used [0x00000007ab730000,0x00000007ab730000,0x00000007ab760000)
 ParOldGen       total 93184K, used 85667K [0x0000000700a00000, 0x0000000706500000, 0x00000007aae00000)
  object space 93184K, 91% used [0x0000000700a00000,0x0000000705da8f68,0x0000000706500000)
 PSPermGen       total 36864K, used 16852K [0x00000006fb800000, 0x00000006fdc00000, 0x0000000700a00000)
  object space 36864K, 45% used [0x00000006fb800000,0x00000006fc875058,0x00000006fdc00000)
}
Event: 31113.911 GC heap before
{Heap before GC invocations=18491 (full 3):
 PSYoungGen      total 9408K, used 9344K [0x00000007aae00000, 0x00000007ab760000, 0x0000000800000000)
  eden space 9216K, 100% used [0x00000007aae00000,0x00000007ab700000,0x00000007ab700000)
  from space 192K, 66% used [0x00000007ab700000,0x00000007ab720000,0x00000007ab730000)
  to   space 192K, 0% used [0x00000007ab730000,0x00000007ab730000,0x00000007ab760000)
 ParOldGen       total 93184K, used 85667K [0x0000000700a00000, 0x0000000706500000, 0x00000007aae00000)
  object space 93184K, 91% used [0x0000000700a00000,0x0000000705da8f68,0x0000000706500000)
 PSPermGen       total 36864K, used 16852K [0x00000006fb800000, 0x00000006fdc00000, 0x0000000700a00000)
  object space 36864K, 45% used [0x00000006fb800000,0x00000006fc875058,0x00000006fdc00000)
Event: 31113.912 GC heap after
Heap after GC invocations=18491 (full 3):
 PSYoungGen      total 9408K, used 160K [0x00000007aae00000, 0x00000007ab760000, 0x0000000800000000)
  eden space 9216K, 0% used [0x00000007aae00000,0x00000007aae00000,0x00000007ab700000)
  from space 192K, 83% used [0x00000007ab730000,0x00000007ab758000,0x00000007ab760000)
  to   space 192K, 0% used [0x00000007ab700000,0x00000007ab700000,0x00000007ab730000)
 ParOldGen       total 93184K, used 85689K [0x0000000700a00000, 0x0000000706500000, 0x00000007aae00000)
  object space 93184K, 91% used [0x0000000700a00000,0x0000000705dae518,0x0000000706500000)
 PSPermGen       total 36864K, used 16852K [0x00000006fb800000, 0x00000006fdc00000, 0x0000000700a00000)
  object space 36864K, 45% used [0x00000006fb800000,0x00000006fc875058,0x00000006fdc00000)
}
Event: 31114.240 GC heap before
{Heap before GC invocations=18492 (full 3):
 PSYoungGen      total 9408K, used 9376K [0x00000007aae00000, 0x00000007ab760000, 0x0000000800000000)
  eden space 9216K, 100% used [0x00000007aae00000,0x00000007ab700000,0x00000007ab700000)
  from space 192K, 83% used [0x00000007ab730000,0x00000007ab758000,0x00000007ab760000)
  to   space 192K, 0% used [0x00000007ab700000,0x00000007ab700000,0x00000007ab730000)
 ParOldGen       total 93184K, used 85689K [0x0000000700a00000, 0x0000000706500000, 0x00000007aae00000)
  object space 93184K, 91% used [0x0000000700a00000,0x0000000705dae518,0x0000000706500000)
 PSPermGen       total 36864K, used 16852K [0x00000006fb800000, 0x00000006fdc00000, 0x0000000700a00000)
  object space 36864K, 45% used [0x00000006fb800000,0x00000006fc875058,0x00000006fdc00000)
Event: 31114.241 GC heap after
Heap after GC invocations=18492 (full 3):
 PSYoungGen      total 9408K, used 128K [0x00000007aae00000, 0x00000007ab760000, 0x0000000800000000)
  eden space 9216K, 0% used [0x00000007aae00000,0x00000007aae00000,0x00000007ab700000)
  from space 192K, 66% used [0x00000007ab700000,0x00000007ab720000,0x00000007ab730000)
  to   space 192K, 0% used [0x00000007ab730000,0x00000007ab730000,0x00000007ab760000)
 ParOldGen       total 93184K, used 85718K [0x0000000700a00000, 0x0000000706500000, 0x00000007aae00000)
  object space 93184K, 91% used [0x0000000700a00000,0x0000000705db5ac8,0x0000000706500000)
 PSPermGen       total 36864K, used 16852K [0x00000006fb800000, 0x00000006fdc00000, 0x0000000700a00000)
  object space 36864K, 45% used [0x00000006fb800000,0x00000006fc875058,0x00000006fdc00000)
}

